2025-02-01 00:19:56.882 | INFO     | utils_logger:<module>:39 - Logging to file: logs\project_log.log
2025-02-01 00:19:56.882 | INFO     | __main__:main:93 - Starting CSV fetch demonstration...
2025-02-01 00:19:56.882 | INFO     | __main__:fetch_csv_file:52 - Fetching CSV data from https://raw.githubusercontent.com/MainakRepositor/Datasets/master/World%20Happiness%20Data/2020.csv...
2025-02-01 00:19:57.287 | INFO     | __main__:write_csv_file:76 - Writing CSV data to example_data\2020_happiness.csv...
2025-02-01 00:19:57.288 | INFO     | __main__:write_csv_file:80 - SUCCESS: CSV data written to example_data\2020_happiness.csv
2025-02-01 00:19:57.288 | INFO     | __main__:fetch_csv_file:56 - SUCCESS: CSV file fetched and saved as 2020_happiness.csv
2025-02-01 00:20:05.795 | INFO     | utils_logger:<module>:39 - Logging to file: logs\project_log.log
2025-02-01 00:20:05.795 | INFO     | __main__:main:93 - Starting Excel fetch demonstration...
2025-02-01 00:20:05.796 | INFO     | __main__:fetch_excel_file:52 - Fetching Excel data from https://raw.githubusercontent.com/denisecase/datafun-03-analytics/main/hosted/Feedback.xlsx...
2025-02-01 00:20:06.365 | INFO     | __main__:write_excel_file:76 - Writing Excel data to example_data\feedback.xlsx...
2025-02-01 00:20:06.366 | INFO     | __main__:write_excel_file:80 - SUCCESS: Excel data written to example_data\feedback.xlsx
2025-02-01 00:20:06.366 | INFO     | __main__:fetch_excel_file:56 - SUCCESS: Excel file fetched and saved as feedback.xlsx
2025-02-01 00:20:12.153 | INFO     | utils_logger:<module>:39 - Logging to file: logs\project_log.log
2025-02-01 00:20:12.153 | INFO     | __main__:main:94 - Starting JSON fetch demonstration...
2025-02-01 00:20:12.153 | INFO     | __main__:fetch_json_file:53 - Fetching JSON data from http://api.open-notify.org/astros.json...
2025-02-01 00:20:12.383 | INFO     | __main__:write_json_file:77 - Writing JSON data to example_data\astros.json...
2025-02-01 00:20:12.384 | INFO     | __main__:write_json_file:81 - SUCCESS: JSON data written to example_data\astros.json
2025-02-01 00:20:12.384 | INFO     | __main__:fetch_json_file:57 - SUCCESS: JSON file fetched and saved as astros.json
2025-02-01 00:20:19.202 | INFO     | utils_logger:<module>:39 - Logging to file: logs\project_log.log
2025-02-01 00:20:19.202 | INFO     | __main__:main:93 - Starting text fetch demonstration...
2025-02-01 00:20:19.203 | INFO     | __main__:fetch_txt_file:52 - Fetching text data from https://raw.githubusercontent.com/denisecase/datafun-03-analytics/main/hosted/romeo.txt...
2025-02-01 00:20:19.656 | INFO     | __main__:write_txt_file:76 - Writing data to example_data\romeo.txt...
2025-02-01 00:20:19.657 | INFO     | __main__:write_txt_file:80 - SUCCESS: Data written to example_data\romeo.txt
2025-02-01 00:20:19.657 | INFO     | __main__:fetch_txt_file:56 - SUCCESS: Text file fetched and saved as romeo.txt
2025-02-01 00:21:49.702 | INFO     | utils_logger:<module>:39 - Logging to file: logs\project_log.log
2025-02-01 00:21:49.702 | INFO     | __main__:<module>:78 - Starting CSV processing...
2025-02-01 00:21:49.712 | INFO     | __main__:process_csv_file:71 - Processed CSV file: example_data\2020_happiness.csv, Statistics saved to: example_processed\happiness_ladder_score_stats.txt
2025-02-01 00:21:49.712 | INFO     | __main__:<module>:80 - CSV processing complete.
2025-02-01 00:22:01.400 | INFO     | utils_logger:<module>:39 - Logging to file: logs\project_log.log
2025-02-01 00:22:01.400 | INFO     | __main__:<module>:61 - Starting Excel processing...
2025-02-01 00:22:01.419 | INFO     | __main__:process_excel_file:54 - Processed Excel file: example_data\feedback.xlsx, Word count saved to: example_processed\excel_feedback_github_count.txt
2025-02-01 00:22:01.420 | INFO     | __main__:<module>:63 - Excel processing complete.
2025-02-01 00:22:05.883 | INFO     | utils_logger:<module>:39 - Logging to file: logs\project_log.log
2025-02-01 00:22:05.884 | INFO     | __main__:<module>:84 - Starting JSON processing...
2025-02-01 00:22:05.891 | INFO     | __main__:process_json_file:77 - Processed JSON file: example_data\astros.json, Results saved to: example_processed\json_astronauts_by_craft.txt
2025-02-01 00:22:05.891 | INFO     | __main__:<module>:86 - JSON processing complete.
2025-02-01 00:22:09.805 | INFO     | utils_logger:<module>:39 - Logging to file: logs\project_log.log
2025-02-01 00:22:09.806 | INFO     | __main__:<module>:52 - Starting text processing...
2025-02-01 00:22:09.819 | INFO     | __main__:process_text_file:45 - Processed text file: example_data\romeo.txt, Word count saved to: example_processed\text_romeo_word_count.txt
2025-02-01 00:22:09.819 | INFO     | __main__:<module>:54 - Text processing complete.
